This file contains any messages produced by compilers while
running configure, to aid debugging if configure makes a mistake.

It was created by MacPorts configure 2.2.1, which was
generated by GNU Autoconf 2.69.  Invocation command line was

  $ ./configure 

## --------- ##
## Platform. ##
## --------- ##

hostname = Marcs-iMac.local
uname -m = x86_64
uname -r = 14.0.0
uname -s = Darwin
uname -v = Darwin Kernel Version 14.0.0: Mon Sep  8 05:27:41 PDT 2014; root:xnu-2782.1.96~5/RELEASE_X86_64

/usr/bin/uname -p = i386
/bin/uname -X     = unknown

/bin/arch              = unknown
/usr/bin/arch -k       = unknown
/usr/convex/getsysinfo = unknown
/usr/bin/hostinfo      = Mach kernel version:
	 Darwin Kernel Version 14.0.0: Mon Sep  8 05:27:41 PDT 2014; root:xnu-2782.1.96~5/RELEASE_X86_64
Kernel configured for up to 2 processors.
2 processors are physically available.
2 processors are logically available.
Processor type: i486 (Intel 80486)
Processors active: 0 1
Primary memory available: 4.00 gigabytes
Default processor set: 228 tasks, 1062 threads, 2 processors
Load average: 1.87, Mach factor: 0.87
/bin/machine           = unknown
/usr/bin/oslevel       = unknown
/bin/universe          = unknown

PATH: /usr/local/rvm/gems/ruby-1.9.3-p194/bin
PATH: /usr/local/rvm/gems/ruby-1.9.3-p194@global/bin
PATH: /usr/local/rvm/rubies/ruby-1.9.3-p194/bin
PATH: /usr/local/rvm/bin
PATH: /usr/local/bin
PATH: /usr/bin
PATH: /bin
PATH: /usr/sbin
PATH: /sbin
PATH: /opt/sm/bin
PATH: /opt/sm/pkg/active/bin
PATH: /opt/sm/pkg/active/sbin


## ----------- ##
## Core tests. ##
## ----------- ##

configure:2681: checking build system type
configure:2695: result: x86_64-apple-darwin14.0.0
configure:2715: checking host system type
configure:2728: result: x86_64-apple-darwin14.0.0
configure:2748: checking target system type
configure:2761: result: x86_64-apple-darwin14.0.0
configure:2789: checking MacPorts version
configure:2792: result: 2.2.1
configure:2825: checking for sw_vers
configure:2843: found /usr/bin/sw_vers
configure:2855: result: /usr/bin/sw_vers
configure:2865: checking for defaults
configure:2883: found /usr/bin/defaults
configure:2895: result: /usr/bin/defaults
configure:2905: checking for xcode-select
configure:2923: found /usr/bin/xcode-select
configure:2935: result: /usr/bin/xcode-select
configure:2945: checking Mac OS X version
configure:2948: result: 10.10
configure:2954: error: This version of Mac OS X is not supported
                  Please upgrade at http://store.apple.com/

## ---------------- ##
## Cache variables. ##
## ---------------- ##

ac_cv_build=x86_64-apple-darwin14.0.0
ac_cv_env_BSDMAKE_set=
ac_cv_env_BSDMAKE_value=
ac_cv_env_BZIP2_set=
ac_cv_env_BZIP2_value=
ac_cv_env_CC_set=
ac_cv_env_CC_value=
ac_cv_env_CFLAGS_set=
ac_cv_env_CFLAGS_value=
ac_cv_env_CPPFLAGS_set=
ac_cv_env_CPPFLAGS_value=
ac_cv_env_CPP_set=
ac_cv_env_CPP_value=
ac_cv_env_CVS_set=
ac_cv_env_CVS_value=
ac_cv_env_GNUMAKE_set=
ac_cv_env_GNUMAKE_value=
ac_cv_env_GNUTAR_set=
ac_cv_env_GNUTAR_value=
ac_cv_env_LDFLAGS_set=
ac_cv_env_LDFLAGS_value=
ac_cv_env_LIBS_set=
ac_cv_env_LIBS_value=
ac_cv_env_LZMA_set=
ac_cv_env_LZMA_value=
ac_cv_env_MAKE_set=
ac_cv_env_MAKE_value=
ac_cv_env_MTREE_set=
ac_cv_env_MTREE_value=
ac_cv_env_OBJCFLAGS_set=
ac_cv_env_OBJCFLAGS_value=
ac_cv_env_OBJCPP_set=
ac_cv_env_OBJCPP_value=
ac_cv_env_OBJC_set=
ac_cv_env_OBJC_value=
ac_cv_env_OPENSSL_set=
ac_cv_env_OPENSSL_value=
ac_cv_env_OPEN_set=
ac_cv_env_OPEN_value=
ac_cv_env_RSYNC_set=
ac_cv_env_RSYNC_value=
ac_cv_env_SED_set=
ac_cv_env_SED_value=
ac_cv_env_SVN_set=
ac_cv_env_SVN_value=
ac_cv_env_SWIG_set=
ac_cv_env_SWIG_value=
ac_cv_env_TAR_set=
ac_cv_env_TAR_value=
ac_cv_env_XAR_set=
ac_cv_env_XAR_value=
ac_cv_env_XZ_set=
ac_cv_env_XZ_value=
ac_cv_env_build_alias_set=
ac_cv_env_build_alias_value=
ac_cv_env_host_alias_set=
ac_cv_env_host_alias_value=
ac_cv_env_target_alias_set=
ac_cv_env_target_alias_value=
ac_cv_host=x86_64-apple-darwin14.0.0
ac_cv_path_DEFAULTS=/usr/bin/defaults
ac_cv_path_SW_VERS=/usr/bin/sw_vers
ac_cv_path_XCODE_SELECT=/usr/bin/xcode-select
ac_cv_target=x86_64-apple-darwin14.0.0

## ----------------- ##
## Output variables. ##
## ----------------- ##

BSDMAKE=''
BZIP2=''
BZR=''
CC=''
CFLAGS=''
CFLAGS_LIBCURL=''
CFLAGS_PEDANTIC=''
CFLAGS_QUICHEEATERS=''
CFLAGS_SQLITE3=''
CFLAGS_WERROR=''
CHOWN=''
CP=''
CPIO=''
CPP=''
CPPFLAGS=''
CURL_CONFIG=''
CVS=''
DEFAULTS='/usr/bin/defaults'
DEFS=''
DEVELOPER_DIR=''
DIFF=''
DSCL=''
DSEDITGROUP=''
DSTGRP=''
DSTMODE=''
DSTUSR=''
ECHO_C='\c'
ECHO_N=''
ECHO_T=''
EGREP=''
EXEEXT=''
EXTRA_PROGS=''
FILE=''
FIND=''
GIT=''
GNUMAKE=''
GNUPATCH=''
GNUTAR=''
GREP=''
GZIP=''
HAVE_FRAMEWORK_COREFOUNDATION=''
HAVE_FRAMEWORK_IOKIT=''
HAVE_FRAMEWORK_SYSTEMCONFIGURATION=''
HAVE_FUNCTION_CFNOTIFICATIONCENTERGETDARWINNOTIFYCENTER=''
HAVE_LAUNCHD=''
HDIUTIL=''
HG=''
INCLUDES=''
INSTALL_DATA=''
INSTALL_PROGRAM=''
INSTALL_SCRIPT=''
LAUNCHCTL=''
LDFLAGS=''
LDFLAGS_LIBCURL=''
LDFLAGS_SQLITE3=''
LIBOBJS=''
LIBS=''
LIPO=''
LN_S=''
LSBOM=''
LTLIBOBJS=''
LZMA=''
MACPORTS_VERSION='2.2.1'
MAKE=''
MD5_LIBS=''
MDFIND=''
MDLS=''
MKBOM=''
MPAPPLICATIONSDIR=''
MPCONFIGDIR=''
MPCONFIGDIR_EXPANDED=''
MPFRAMEWORKSDIR=''
MTREE=''
OBJC=''
OBJCFLAGS=''
OBJCPP=''
OBJC_FOUNDATION=''
OBJC_FOUNDATION_CPPFLAGS=''
OBJC_FOUNDATION_LDFLAGS=''
OBJC_FOUNDATION_LIBS=''
OBJC_LIBS=''
OBJC_PTHREAD_CFLAGS=''
OBJC_PTHREAD_LIBS=''
OBJC_RUNTIME=''
OBJC_RUNTIME_FLAGS=''
OBJEXT=''
OPEN=''
OPENSSL=''
OUR_INCLUDED_PACKAGES=''
PACKAGE_BUGREPORT='macports-dev@lists.macosforge.org'
PACKAGE_NAME='MacPorts'
PACKAGE_STRING='MacPorts 2.2.1'
PACKAGE_TARNAME='macports'
PACKAGE_URL=''
PACKAGE_VERSION='2.2.1'
PATCH=''
PATH_CLEANED='/usr/local/rvm/gems/ruby-1.9.3-p194/bin:/usr/local/rvm/gems/ruby-1.9.3-p194@global/bin:/usr/local/rvm/rubies/ruby-1.9.3-p194/bin:/usr/local/rvm/bin:/usr/local/bin:/usr/bin:/bin:/usr/sbin:/sbin:/opt/sm/bin:/opt/sm/pkg/active/bin:/opt/sm/pkg/active/sbin'
PATH_SEPARATOR=':'
PAX=''
PKG_CONFIG=''
PORTSDIR=''
PTHREAD_CFLAGS=''
PTHREAD_LIBS=''
READLINE_LIBS=''
READLINK_IS_NOT_P1003_1A=''
RMDIR=''
RSYNC=''
RUNUSR=''
SANDBOX_EXEC=''
SED=''
SED_EXT=''
SET_MAKE=''
SHELL='/bin/sh'
SHLIB_CFLAGS=''
SHLIB_LD=''
SHLIB_LDFLAGS=''
SHLIB_SUFFIX=''
SQLITE3_TCL_DIR=''
STLIB_LD=''
SVN=''
SWIG=''
SW_VERS='/usr/bin/sw_vers'
TAR=''
TAR_CMD=''
TAR_Q=''
TCLSH=''
TCL_BIN_DIR=''
TCL_CC=''
TCL_DEFS=''
TCL_INCLUDES=''
TCL_LIB_FILE=''
TCL_LIB_FLAG=''
TCL_LIB_SPEC=''
TCL_PACKAGE_DIR=''
TCL_SRC_DIR=''
TCL_STUB_LIB_FILE=''
TCL_STUB_LIB_FLAG=''
TCL_STUB_LIB_SPEC=''
TCL_VERSION=''
UNIVERSAL_ARCHS=''
UNZIP=''
XAR=''
XCODEBUILD=''
XCODE_SELECT='/usr/bin/xcode-select'
XCRUN=''
XZ=''
ZIP=''
ac_ct_CC=''
ac_ct_OBJC=''
acx_pthread_config=''
bindir='${exec_prefix}/bin'
build='x86_64-apple-darwin14.0.0'
build_alias=''
build_cpu='x86_64'
build_os='darwin14.0.0'
build_vendor='apple'
datadir='${datarootdir}'
datarootdir='${prefix}/share'
docdir='${datarootdir}/doc/${PACKAGE_TARNAME}'
dvidir='${docdir}'
exec_prefix='NONE'
host='x86_64-apple-darwin14.0.0'
host_alias=''
host_cpu='x86_64'
host_os='darwin14.0.0'
host_vendor='apple'
htmldir='${docdir}'
includedir='${prefix}/include'
infodir='${datarootdir}/info'
libdir='${exec_prefix}/lib'
libexecdir='${exec_prefix}/libexec'
localedir='${datarootdir}/locale'
localstatedir='${prefix}/var'
localstatedir_expanded=''
macports_tcl_dir=''
mandir='${datarootdir}/man'
oldincludedir='/usr/include'
pdfdir='${docdir}'
prefix='NONE'
prefix_expanded=''
program_transform_name='s,x,x,'
psdir='${docdir}'
sbindir='${exec_prefix}/sbin'
sharedstatedir='${prefix}/com'
subdirs=''
sysconfdir='${prefix}/etc'
target='x86_64-apple-darwin14.0.0'
target_alias=''
target_cpu='x86_64'
target_os='darwin14.0.0'
target_vendor='apple'

## ----------- ##
## confdefs.h. ##
## ----------- ##

/* confdefs.h */
#define PACKAGE_NAME "MacPorts"
#define PACKAGE_TARNAME "macports"
#define PACKAGE_VERSION "2.2.1"
#define PACKAGE_STRING "MacPorts 2.2.1"
#define PACKAGE_BUGREPORT "macports-dev@lists.macosforge.org"
#define PACKAGE_URL ""

configure: exit 1
